<?xml version="1.0" encoding="UTF-8"?>
<!-- Generated by org.testng.reporters.JUnitReportReporter -->
<testsuite hostname="LAPTOP-KNL22F4G" failures="0" tests="1" name="testPackage.ValidLoginTestCase" time="2.876" errors="0" timestamp="2023-06-03T11:00:06 IST" skipped="0">
  <testcase classname="testPackage.ValidLoginTestCase" name="validLoginMethod" time="2.876"/>
  <system-out/>
</testsuite> <!-- testPackage.ValidLoginTestCase -->
