<?xml version="1.0" encoding="UTF-8"?>
<!-- Generated by org.testng.reporters.JUnitReportReporter -->
<testsuite hostname="LAPTOP-KNL22F4G" failures="0" tests="1" name="testNGPack2.Test3" time="8.146" errors="0" timestamp="2023-05-24T09:39:07 IST" skipped="0">
  <testcase classname="testNGPack2.Test3" name="test3Method" time="8.146"/>
  <system-out/>
</testsuite> <!-- testNGPack2.Test3 -->
