<?xml version="1.0" encoding="UTF-8"?>
<!-- Generated by org.testng.reporters.JUnitReportReporter -->
<testsuite hostname="LAPTOP-KNL22F4G" failures="0" tests="1" name="testNGpackage.Sumo" time="0.009" errors="0" timestamp="2023-05-22T10:24:31 IST" skipped="0">
  <testcase classname="testNGpackage.Sumo" name="sumoMethod" time="0.009"/>
  <system-out>
    <![CDATA[Where is Selenium!!]]>
  </system-out>
</testsuite> <!-- testNGpackage.Sumo -->
