<?xml version="1.0" encoding="UTF-8"?>
<!-- Generated by org.testng.reporters.JUnitReportReporter -->
<testsuite hostname="LAPTOP-KNL22F4G" failures="0" tests="2" name="testNGPack2.MethodExecution" time="0.020" errors="0" timestamp="2023-05-24T10:10:21 IST" skipped="0">
  <testcase classname="testNGPack2.MethodExecution" name="method1" time="0.010"/>
  <system-out>
    <![CDATA[18 : is the thread id of Method
method 1]]>
  </system-out>
  <testcase classname="testNGPack2.MethodExecution" name="method2" time="0.010"/>
  <system-out>
    <![CDATA[19 : is the thread id of Method
method 2]]>
  </system-out>
</testsuite> <!-- testNGPack2.MethodExecution -->
