<?xml version="1.0" encoding="UTF-8"?>
<!-- Generated by org.testng.reporters.JUnitReportReporter -->
<testsuite hostname="LAPTOP-KNL22F4G" failures="0" tests="8" name="testNGFlags.Flag4" time="0.019" errors="0" timestamp="2023-05-26T10:40:04 IST" skipped="0">
  <testcase classname="testNGFlags.Flag4" name="p" time="0.009"/>
  <system-out>
    <![CDATA[p method]]>
  </system-out>
  <testcase classname="testNGFlags.Flag4" name="z" time="0.002"/>
  <system-out>
    <![CDATA[z method]]>
  </system-out>
  <testcase classname="testNGFlags.Flag4" name="g" time="0.002"/>
  <system-out>
    <![CDATA[g method]]>
  </system-out>
  <testcase classname="testNGFlags.Flag4" name="m" time="0.001"/>
  <system-out>
    <![CDATA[m method]]>
  </system-out>
  <testcase classname="testNGFlags.Flag4" name="f" time="0.001"/>
  <system-out>
    <![CDATA[f method]]>
  </system-out>
  <testcase classname="testNGFlags.Flag4" name="a" time="0.002"/>
  <system-out>
    <![CDATA[a method]]>
  </system-out>
  <testcase classname="testNGFlags.Flag4" name="e" time="0.001"/>
  <system-out>
    <![CDATA[e method]]>
  </system-out>
  <testcase classname="testNGFlags.Flag4" name="k" time="0.001"/>
  <system-out>
    <![CDATA[k method]]>
  </system-out>
</testsuite> <!-- testNGFlags.Flag4 -->
