<?xml version="1.0" encoding="UTF-8"?>
<!-- Generated by org.testng.reporters.JUnitReportReporter -->
<testsuite hostname="LAPTOP-KNL22F4G" failures="0" tests="2" name="testNGFlags.Flag2" time="0.008" errors="0" timestamp="2023-05-26T10:11:18 IST" skipped="1">
  <testcase classname="testNGFlags.Flag2" name="method1" time="0.008"/>
  <system-out>
    <![CDATA[Login Performed!!]]>
  </system-out>
  <testcase classname="testNGFlags.Flag2" name="method2">
    <skipped/>
  </testcase> <!-- method2 -->
  <system-out/>
</testsuite> <!-- testNGFlags.Flag2 -->
