<?xml version="1.0" encoding="UTF-8"?>
<!-- Generated by org.testng.reporters.JUnitReportReporter -->
<testsuite hostname="LAPTOP-KNL22F4G" failures="0" tests="5" name="dynamicScreenShot.ActiTimeDataProvider" time="19.631" errors="0" timestamp="2023-05-30T10:26:58 IST" skipped="0">
  <testcase classname="dynamicScreenShot.ActiTimeDataProvider" name="loginInvalid" time="5.295"/>
  <system-out/>
  <testcase classname="dynamicScreenShot.ActiTimeDataProvider" name="loginInvalid" time="3.662"/>
  <system-out/>
  <testcase classname="dynamicScreenShot.ActiTimeDataProvider" name="loginInvalid" time="3.549"/>
  <system-out/>
  <testcase classname="dynamicScreenShot.ActiTimeDataProvider" name="loginInvalid" time="3.530"/>
  <system-out/>
  <testcase classname="dynamicScreenShot.ActiTimeDataProvider" name="loginInvalid" time="3.595"/>
  <system-out/>
</testsuite> <!-- dynamicScreenShot.ActiTimeDataProvider -->
