<?xml version="1.0" encoding="UTF-8"?>
<!-- Generated by org.testng.reporters.JUnitReportReporter -->
<testsuite hostname="LAPTOP-KNL22F4G" failures="0" tests="1" name="testNGpackage.Demo" time="0.003" errors="0" timestamp="2023-05-22T10:24:31 IST" skipped="0">
  <testcase classname="testNGpackage.Demo" name="demoMethod" time="0.003"/>
  <system-out>
    <![CDATA[Hiii TestNG!!]]>
  </system-out>
</testsuite> <!-- testNGpackage.Demo -->
