<?xml version="1.0" encoding="UTF-8"?>
<!-- Generated by org.testng.reporters.JUnitReportReporter -->
<testsuite hostname="LAPTOP-KNL22F4G" failures="0" tests="1" name="testNGPack2.DemoTest2" time="0.011" errors="0" timestamp="2023-05-23T09:44:17 IST" skipped="0">
  <testcase classname="testNGPack2.DemoTest2" name="f1" time="0.011"/>
  <system-out>
    <![CDATA[f1 method From DemoTest2]]>
  </system-out>
</testsuite> <!-- testNGPack2.DemoTest2 -->
