<?xml version="1.0" encoding="UTF-8"?>
<!-- Generated by org.testng.reporters.JUnitReportReporter -->
<testsuite hostname="LAPTOP-KNL22F4G" failures="0" tests="3" name="testNGAnnotations.GoogleSearchTestCase" time="16.349" errors="0" timestamp="2023-05-26T10:00:28 IST" skipped="0">
  <testcase classname="testNGAnnotations.GoogleSearchTestCase" name="search2" time="7.072"/>
  <system-out/>
  <testcase classname="testNGAnnotations.GoogleSearchTestCase" name="serach3" time="4.747"/>
  <system-out/>
  <testcase classname="testNGAnnotations.GoogleSearchTestCase" name="search1" time="4.530"/>
  <system-out/>
</testsuite> <!-- testNGAnnotations.GoogleSearchTestCase -->
