<?xml version="1.0" encoding="UTF-8"?>
<!-- Generated by org.testng.reporters.JUnitReportReporter -->
<testsuite hostname="LAPTOP-KNL22F4G" failures="0" tests="1" name="testNGPack2.Test2" time="3.254" errors="0" timestamp="2023-05-22T10:57:22 IST" skipped="0">
  <testcase classname="testNGPack2.Test2" name="test2Method" time="3.254"/>
  <system-out/>
</testsuite> <!-- testNGPack2.Test2 -->
