<?xml version="1.0" encoding="UTF-8"?>
<!-- Generated by org.testng.reporters.JUnitReportReporter -->
<testsuite hostname="LAPTOP-KNL22F4G" failures="0" tests="3" name="testNGPack2.DemoTest3" time="0.003" errors="0" timestamp="2023-05-23T09:36:53 IST" skipped="0">
  <testcase classname="testNGPack2.DemoTest3" name="h" time="0.001"/>
  <system-out>
    <![CDATA[h method from DemoTest3]]>
  </system-out>
  <testcase classname="testNGPack2.DemoTest3" name="i" time="0.001"/>
  <system-out>
    <![CDATA[i method from DemoTest3]]>
  </system-out>
  <testcase classname="testNGPack2.DemoTest3" name="g" time="0.001"/>
  <system-out>
    <![CDATA[g method From DemoTest3]]>
  </system-out>
</testsuite> <!-- testNGPack2.DemoTest3 -->
