<?xml version="1.0" encoding="UTF-8"?>
<!-- Generated by org.testng.reporters.JUnitReportReporter -->
<testsuite hostname="LAPTOP-KNL22F4G" failures="0" tests="2" name="testNGExecution.SelectBrowser" time="5.782" errors="0" timestamp="2023-05-25T10:18:44 IST" skipped="0">
  <testcase classname="testNGExecution.SelectBrowser" name="method1" time="3.657"/>
  <system-out/>
  <testcase classname="testNGExecution.SelectBrowser" name="method1" time="2.125"/>
  <system-out/>
</testsuite> <!-- testNGExecution.SelectBrowser -->
