<?xml version="1.0" encoding="UTF-8"?>
<!-- Generated by org.testng.reporters.JUnitReportReporter -->
<testsuite hostname="LAPTOP-KNL22F4G" failures="0" tests="3" name="testNGAnnotations.GoogleSearchTestCase" time="14.805" errors="0" timestamp="2023-05-23T10:39:57 IST" skipped="0">
  <testcase classname="testNGAnnotations.GoogleSearchTestCase" name="search2" time="4.666"/>
  <system-out/>
  <testcase classname="testNGAnnotations.GoogleSearchTestCase" name="serach3" time="4.738"/>
  <system-out/>
  <testcase classname="testNGAnnotations.GoogleSearchTestCase" name="search1" time="5.401"/>
  <system-out/>
</testsuite> <!-- testNGAnnotations.GoogleSearchTestCase -->
