<?xml version="1.0" encoding="UTF-8"?>
<!-- Generated by org.testng.reporters.JUnitReportReporter -->
<testsuite hostname="LAPTOP-KNL22F4G" failures="0" tests="1" name="testNGPack2.Test1" time="5.113" errors="0" timestamp="2023-05-24T09:39:07 IST" skipped="0">
  <testcase classname="testNGPack2.Test1" name="test1Method" time="5.113"/>
  <system-out/>
</testsuite> <!-- testNGPack2.Test1 -->
