<?xml version="1.0" encoding="UTF-8"?>
<!-- Generated by org.testng.reporters.JUnitReportReporter -->
<testsuite hostname="LAPTOP-KNL22F4G" failures="0" tests="2" name="testNGAnnotations.Annotations" time="0.010" errors="0" timestamp="2023-05-23T10:15:06 IST" skipped="0">
  <testcase classname="testNGAnnotations.Annotations" name="f" time="0.008"/>
  <system-out>
    <![CDATA[Test Annotation]]>
  </system-out>
  <testcase classname="testNGAnnotations.Annotations" name="testMethod" time="0.002"/>
  <system-out>
    <![CDATA[Test Annotation2]]>
  </system-out>
</testsuite> <!-- testNGAnnotations.Annotations -->
