<?xml version="1.0" encoding="UTF-8"?>
<!-- Generated by org.testng.reporters.JUnitReportReporter -->
<testsuite hostname="LAPTOP-KNL22F4G" failures="0" tests="1" name="testPackage.ValidLoginTestCase" time="25.048" errors="0" timestamp="2023-06-01T11:02:34 IST" skipped="0">
  <testcase classname="testPackage.ValidLoginTestCase" name="validTestCase" time="25.048"/>
  <system-out>
    <![CDATA[Browser Opened & Test Will Start!!
Test executed successfully!!]]>
  </system-out>
</testsuite> <!-- testPackage.ValidLoginTestCase -->
